<?xml version="1.0" encoding="UTF-8"?>
<!-- Generated by org.testng.reporters.JUnitXMLReporter -->
<testsuite ignored="0" hostname="LenovoIdeaPad" failures="1" tests="2" name="Default test" time="17.285" errors="0" timestamp="2023-12-14T22:40:35 IST">
  <testcase classname="io.cucumber.testng.AbstractTestNGCucumberTests" name="runScenario" time="9.112"/>
  <testcase classname="io.cucumber.testng.AbstractTestNGCucumberTests" name="runScenario" time="5.362">
    <failure type="java.lang.AssertionError" message="Assert not same search item expected [Beyond The Story: 10-Year Record of BTS] but found [BTS BOOK]">
      <![CDATA[java.lang.AssertionError: Assert not same search item expected [Beyond The Story: 10-Year Record of BTS] but found [BTS BOOK]
at org.testng.Assert.fail(Assert.java:110)
at org.testng.Assert.failNotEquals(Assert.java:1577)
at org.testng.Assert.assertEqualsImpl(Assert.java:149)
at org.testng.Assert.assertEquals(Assert.java:131)
at org.testng.Assert.assertEquals(Assert.java:655)
at com.BooksWagon.StepDefinition.SearchBoxStepDefinition.user_click_on_search_button(SearchBoxStepDefinition.java:48)
at âœ½.User click on search button(file:///C:/Users/USER/eclipse-workspace/BooksWagon-Project/src/test/resources/SearchAndTodaysDealFeature.feature:5)
]]>
    </failure>
  </testcase> <!-- runScenario -->
</testsuite> <!-- Default test -->
