<html>
<head>
<title>TestNG:  Test</title>
<link href="../testng.css" rel="stylesheet" type="text/css" />
<link href="../my-testng.css" rel="stylesheet" type="text/css" />

<style type="text/css">
.log { display: none;} 
.stack-trace { display: none;} 
</style>
<script type="text/javascript">
<!--
function flip(e) {
  current = e.style.display;
  if (current == 'block') {
    e.style.display = 'none';
    return 0;
  }
  else {
    e.style.display = 'block';
    return 1;
  }
}

function toggleBox(szDivId, elem, msg1, msg2)
{
  var res = -1;  if (document.getElementById) {
    res = flip(document.getElementById(szDivId));
  }
  else if (document.all) {
    // this is the way old msie versions work
    res = flip(document.all[szDivId]);
  }
  if(elem) {
    if(res == 0) elem.innerHTML = msg1; else elem.innerHTML = msg2;
  }

}

function toggleAllBoxes() {
  if (document.getElementsByTagName) {
    d = document.getElementsByTagName('div');
    for (i = 0; i < d.length; i++) {
      if (d[i].className == 'log') {
        flip(d[i]);
      }
    }
  }
}

// -->
</script>

</head>
<body>
<h2 align='center'>Test</h2><table border='1' align="center">
<tr>
<td>Tests passed/Failed/Skipped:</td><td>1/2/0</td>
</tr><tr>
<td>Started on:</td><td>Fri Dec 15 01:32:36 IST 2023</td>
</tr>
<tr><td>Total time:</td><td>63 seconds (63712 ms)</td>
</tr><tr>
<td>Included groups:</td><td></td>
</tr><tr>
<td>Excluded groups:</td><td></td>
</tr>
</table><p/>
<small><i>(Hover the method name to see the test class name)</i></small><p/>
<table width='100%' border='1' class='invocation-failed'>
<tr><td colspan='4' align='center'><b>FAILED TESTS</b></td></tr>
<tr><td><b>Test method</b></td>
<td><b>Attribute(s)</b></td>
<td width="30%"><b>Exception</b></td>
<td width="10%"><b>Time (seconds)</b></td>
<td><b>Instance</b></td>
</tr>
<tr>
<td title='com.BooksWagon.Runner.TestRunner3.runScenario()'><b>runScenario</b><br>Test class: com.BooksWagon.Runner.TestRunner3<br>Test method: Runs Cucumber Scenarios<br>Parameters: "to test the Login page", "to test the Books Wagon page on chrome browser"</td>
<td><div><pre>java.lang.AssertionError: did not expect [My Account] but found [My Account]
	at com.BooksWagon.StepDefinition.LoginFeatureStepDefinition.the_user_hover_my_account_and_clicks_on_logout_button(LoginFeatureStepDefinition.java:72)
	at ✽.the User hover My Account and clicks on logout button(file:///C:/Users/USER/eclipse-workspace/BooksWagon-Project/src/test/resources/LoginFeatureBooksWagon.feature:10)
... Removed 5 stack frames</pre></div><a href='#' onClick='toggleBox("stack-trace1941851357", this, "Click to show all stack frames", "Click to hide stack frames")'>Click to show all stack frames</a>
<div class='stack-trace' id='stack-trace1941851357'><pre>java.lang.AssertionError: did not expect [My Account] but found [My Account]
	at org.testng.Assert.fail(Assert.java:110)
	at org.testng.Assert.failEquals(Assert.java:1581)
	at org.testng.Assert.assertNotEqualsImpl(Assert.java:156)
	at org.testng.Assert.assertNotEquals(Assert.java:2197)
	at org.testng.Assert.assertNotEquals(Assert.java:2219)
	at com.BooksWagon.StepDefinition.LoginFeatureStepDefinition.the_user_hover_my_account_and_clicks_on_logout_button(LoginFeatureStepDefinition.java:72)
	at ✽.the User hover My Account and clicks on logout button(file:///C:/Users/USER/eclipse-workspace/BooksWagon-Project/src/test/resources/LoginFeatureBooksWagon.feature:10)
</pre></div></td>
<td>16</td>
<td>com.BooksWagon.Runner.TestRunner3@305ffe9e</td></tr>
<tr>
<td title='com.BooksWagon.Runner.TestRunner3.runScenario()'><b>runScenario</b><br>Test class: com.BooksWagon.Runner.TestRunner3<br>Test method: Runs Cucumber Scenarios<br>Parameters: "to test the Login page", "to test the Books Wagon page on chrome browser"</td>
<td><div><pre>java.lang.AssertionError: did not expect [My Account] but found [My Account]
	at com.BooksWagon.StepDefinition.LoginFeatureStepDefinition.the_user_hover_my_account_and_clicks_on_logout_button(LoginFeatureStepDefinition.java:72)
	at ✽.the User hover My Account and clicks on logout button(file:///C:/Users/USER/eclipse-workspace/BooksWagon-Project/src/test/resources/LoginFeatureBooksWagon.feature:10)
... Removed 5 stack frames</pre></div><a href='#' onClick='toggleBox("stack-trace49913228", this, "Click to show all stack frames", "Click to hide stack frames")'>Click to show all stack frames</a>
<div class='stack-trace' id='stack-trace49913228'><pre>java.lang.AssertionError: did not expect [My Account] but found [My Account]
	at org.testng.Assert.fail(Assert.java:110)
	at org.testng.Assert.failEquals(Assert.java:1581)
	at org.testng.Assert.assertNotEqualsImpl(Assert.java:156)
	at org.testng.Assert.assertNotEquals(Assert.java:2197)
	at org.testng.Assert.assertNotEquals(Assert.java:2219)
	at com.BooksWagon.StepDefinition.LoginFeatureStepDefinition.the_user_hover_my_account_and_clicks_on_logout_button(LoginFeatureStepDefinition.java:72)
	at ✽.the User hover My Account and clicks on logout button(file:///C:/Users/USER/eclipse-workspace/BooksWagon-Project/src/test/resources/LoginFeatureBooksWagon.feature:10)
</pre></div></td>
<td>23</td>
<td>com.BooksWagon.Runner.TestRunner3@305ffe9e</td></tr>
</table><p>
<table width='100%' border='1' class='invocation-passed'>
<tr><td colspan='4' align='center'><b>PASSED TESTS</b></td></tr>
<tr><td><b>Test method</b></td>
<td><b>Attribute(s)</b></td>
<td width="30%"><b>Exception</b></td>
<td width="10%"><b>Time (seconds)</b></td>
<td><b>Instance</b></td>
</tr>
<tr>
<td title='com.BooksWagon.Runner.TestRunner3.runScenario()'><b>runScenario</b><br>Test class: com.BooksWagon.Runner.TestRunner3<br>Test method: Runs Cucumber Scenarios<br>Parameters: "to test the Login page", "to test the Books Wagon page on chrome browser"</td>
<td></td>
<td>15</td>
<td>com.BooksWagon.Runner.TestRunner3@305ffe9e</td></tr>
</table><p>
</body>
</html>