<?xml version="1.0" encoding="UTF-8"?>
<!-- Generated by org.testng.reporters.JUnitReportReporter -->
<testsuite hostname="LenovoIdeaPad" failures="1" tests="2" name="com.BooksWagon.Runner.TestRunner3" time="15.966" errors="0" timestamp="2023-12-15T15:11:46 IST" skipped="0">
  <testcase classname="com.BooksWagon.Runner.TestRunner3" name="runScenario" time="4.899">
    <failure message="Assert not same search item expected [Beyond The Story: 10-Year Record of BTS] but found [BTS BOOK]" type="java.lang.AssertionError">
      <![CDATA[java.lang.AssertionError: Assert not same search item expected [Beyond The Story: 10-Year Record of BTS] but found [BTS BOOK]
at org.testng.Assert.fail(Assert.java:110)
at org.testng.Assert.failNotEquals(Assert.java:1577)
at org.testng.Assert.assertEqualsImpl(Assert.java:149)
at org.testng.Assert.assertEquals(Assert.java:131)
at org.testng.Assert.assertEquals(Assert.java:655)
at com.BooksWagon.StepDefinition.SearchBoxStepDefinition.user_click_on_search_button(SearchBoxStepDefinition.java:53)
at âœ½.User click on search button(file:///C:/Users/USER/eclipse-workspace/BooksWagon-Project/src/test/resources/SearchAndTodaysDealFeature.feature:5)
]]>
    </failure>
  </testcase> <!-- runScenario -->
  <system-out/>
  <testcase classname="com.BooksWagon.Runner.TestRunner3" name="runScenario" time="11.067"/>
  <system-out/>
</testsuite> <!-- com.BooksWagon.Runner.TestRunner3 -->
